#
# A fatal error has been detected by the Java Runtime Environment:
#
#  Internal Error (javaCalls.cpp:51), pid=4469, tid=0x0000000000002b03
#  guarantee(thread->is_Java_thread()) failed: crucial check - the VM thread cannot and must not escape to Java code
#
# JRE version: Java(TM) SE Runtime Environment (8.0_191-b12) (build 1.8.0_191-b12)
# Java VM: Java HotSpot(TM) 64-Bit Server VM (25.191-b12 mixed mode bsd-amd64 compressed oops)
# Failed to write core dump. Core dumps have been disabled. To enable core dumping, try "ulimit -c unlimited" before starting Java again
#
# If you would like to submit a bug report, please visit:
#   http://bugreport.java.com/bugreport/crash.jsp
#

---------------  T H R E A D  ---------------

Current thread (0x00007fdfb2807800):  VMThread [stack: 0x00007000093a3000,0x00007000094a3000] [id=11011]

Stack: [0x00007000093a3000,0x00007000094a3000],  sp=0x00007000094a1a00,  free space=1018k
Native frames: (J=compiled Java code, j=interpreted, Vv=VM code, C=native code)
V  [libjvm.dylib+0x5b55da]  VMError::report_and_die()+0x3f8
V  [libjvm.dylib+0x1e8ec9]  report_vm_error(char const*, int, char const*, char const*)+0x54
V  [libjvm.dylib+0x2ef0a0]  JavaCallWrapper::JavaCallWrapper(methodHandle, Handle, JavaValue*, Thread*)+0x64
V  [libjvm.dylib+0x2ef958]  JavaCalls::call_helper(JavaValue*, methodHandle*, JavaCallArguments*, Thread*)+0x608
V  [libjvm.dylib+0x2efe8b]  JavaCalls::call_special(JavaValue*, KlassHandle, Symbol*, Symbol*, JavaCallArguments*, Thread*)+0x111
V  [libjvm.dylib+0x243885]  Exceptions::new_exception(Thread*, Symbol*, Symbol*, JavaCallArguments*, Handle, Handle)+0xc7
V  [libjvm.dylib+0x243980]  Exceptions::new_exception(Thread*, Symbol*, Symbol*, JavaCallArguments*, Handle, Handle, Handle)+0x28
V  [libjvm.dylib+0x243bdf]  Exceptions::new_exception(Thread*, Symbol*, char const*, Handle, Handle, Handle, Exceptions::ExceptionMsgToUtf8Mode)+0x169
V  [libjvm.dylib+0x243bfa]  Exceptions::new_exception(Thread*, Symbol*, char const*, Exceptions::ExceptionMsgToUtf8Mode)+0x18
V  [libjvm.dylib+0x2878cb]  GenerateOopMap::verify_error(char const*, ...)+0xed
V  [libjvm.dylib+0x28795b]  GenerateOopMap::check_type(CellTypeState, CellTypeState)+0x4b
V  [libjvm.dylib+0x287c77]  GenerateOopMap::ppop(CellTypeState*)+0x37
V  [libjvm.dylib+0x288b7e]  GenerateOopMap::do_field(int, int, int, int)+0xf2
V  [libjvm.dylib+0x28a530]  GenerateOopMap::interp_bb(BasicBlock*)+0x104
V  [libjvm.dylib+0x28a77f]  GenerateOopMap::interp_all()+0x31
V  [libjvm.dylib+0x28ad16]  GenerateOopMap::do_interpretation()+0x44
V  [libjvm.dylib+0x28b12f]  GenerateOopMap::compute_map(Thread*)+0x1fb
V  [libjvm.dylib+0x48506d]  OopMapForCacheEntry::compute_map(Thread*)+0x8f
V  [libjvm.dylib+0x485276]  OopMapCacheEntry::fill(methodHandle, int)+0x19e
V  [libjvm.dylib+0x485457]  OopMapCache::compute_one_oop_map(methodHandle, int, InterpreterOopMap*)+0x16b
V  [libjvm.dylib+0x48570e]  OopMapCache::lookup(methodHandle, int, InterpreterOopMap*) const+0x25c
V  [libjvm.dylib+0x2c2848]  InstanceKlass::mask_for(methodHandle, int, InterpreterOopMap*)+0xd2
V  [libjvm.dylib+0x452da9]  Method::mask_for(int, InterpreterOopMap*)+0xb3
V  [libjvm.dylib+0x39ad03]  VM_GetOrSetLocal::doit()+0x47
V  [libjvm.dylib+0x5bd259]  VM_Operation::evaluate()+0x4f
V  [libjvm.dylib+0x5bb7f1]  VMThread::evaluate_operation(VM_Operation*)+0xdf
V  [libjvm.dylib+0x5bbc3e]  VMThread::loop()+0x328
V  [libjvm.dylib+0x5bb55d]  VMThread::run()+0x79
V  [libjvm.dylib+0x48e0be]  java_start(Thread*)+0xf6
C  [libsystem_pthread.dylib+0x3661]  _pthread_body+0x154
C  [libsystem_pthread.dylib+0x350d]  _pthread_body+0x0
C  [libsystem_pthread.dylib+0x2bf9]  thread_start+0xd

VM_Operation (0x0000700009931958): GetOrSetLocal, mode: safepoint, requested by thread 0x00007fdfb281f000


---------------  P R O C E S S  ---------------

Java Threads: ( => current thread )
  0x00007fdfb2877800 JavaThread "Log4j2-TF-9-Scheduled-1" daemon [_thread_blocked, id=16647, stack(0x000070000a04a000,0x000070000a14a000)]
  0x00007fdfb2191000 JavaThread "Service Thread" daemon [_thread_blocked, id=17667, stack(0x0000700009e44000,0x0000700009f44000)]
  0x00007fdfb112b800 JavaThread "C1 CompilerThread2" daemon [_thread_blocked, id=17923, stack(0x0000700009d41000,0x0000700009e41000)]
  0x00007fdfb2990800 JavaThread "C2 CompilerThread1" daemon [_thread_blocked, id=15363, stack(0x0000700009c3e000,0x0000700009d3e000)]
  0x00007fdfb298f800 JavaThread "C2 CompilerThread0" daemon [_thread_blocked, id=14851, stack(0x0000700009b3b000,0x0000700009c3b000)]
  0x00007fdfb2047000 JavaThread "JDWP Command Reader" daemon [_thread_in_native, id=18179, stack(0x0000700009a38000,0x0000700009b38000)]
  0x00007fdfb2820800 JavaThread "JDWP Event Helper Thread" daemon [_thread_blocked, id=14083, stack(0x0000700009935000,0x0000700009a35000)]
  0x00007fdfb281f000 JavaThread "JDWP Transport Listener: dt_socket" daemon [_thread_blocked, id=18695, stack(0x0000700009832000,0x0000700009932000)]
  0x00007fdfb203b000 JavaThread "Signal Dispatcher" daemon [_thread_blocked, id=13835, stack(0x000070000972f000,0x000070000982f000)]
  0x00007fdfb200c800 JavaThread "Finalizer" daemon [_thread_blocked, id=11779, stack(0x00007000095a9000,0x00007000096a9000)]
  0x00007fdfb280c000 JavaThread "Reference Handler" daemon [_thread_blocked, id=20739, stack(0x00007000094a6000,0x00007000095a6000)]
  0x00007fdfb2005000 JavaThread "main" [_thread_blocked, id=10499, stack(0x0000700008e94000,0x0000700008f94000)]

Other Threads:
=>0x00007fdfb2807800 VMThread [stack: 0x00007000093a3000,0x00007000094a3000] [id=11011]
  0x00007fdfb216e000 WatcherThread [stack: 0x0000700009f47000,0x000070000a047000] [id=17155]

VM state:at safepoint (normal execution)

VM Mutex/Monitor currently owned by a thread:  ([mutex/lock_event])
[0x00007fdfb0c033d0] Threads_lock - owner thread: 0x00007fdfb2807800

Heap:
 PSYoungGen      total 144896K, used 114476K [0x0000000795580000, 0x000000079f200000, 0x00000007c0000000)
  eden space 131072K, 81% used [0x0000000795580000,0x000000079bded170,0x000000079d580000)
  from space 13824K, 54% used [0x000000079e280000,0x000000079e9ddeb8,0x000000079f000000)
  to   space 13312K, 0% used [0x000000079d580000,0x000000079d580000,0x000000079e280000)
 ParOldGen       total 93696K, used 20449K [0x0000000740000000, 0x0000000745b80000, 0x0000000795580000)
  object space 93696K, 21% used [0x0000000740000000,0x00000007413f8660,0x0000000745b80000)
 Metaspace       used 45396K, capacity 47532K, committed 47704K, reserved 1089536K
  class space    used 6197K, capacity 6680K, committed 6784K, reserved 1048576K

Card table byte_map: [0x00000001047e5000,0x0000000104be6000] byte_map_base: 0x0000000100de5000

Marking Bits: (ParMarkBitMap*) 0x0000000103cf9e00
 Begin Bits: [0x0000000104e91000, 0x0000000106e91000)
 End Bits:   [0x0000000106e91000, 0x0000000108e91000)

Polling page: 0x0000000102b62000

CodeCache: size=245760Kb used=16741Kb max_used=16803Kb free=229019Kb
 bounds [0x000000010ff4b000, 0x0000000110fcb000, 0x000000011ef4b000]
 total_blobs=5056 nmethods=4579 adapters=398
 compilation: enabled

Compilation events (10 events):
Event: 11.430 Thread 0x00007fdfb298f800 nmethod 4614 0x00000001103c6b90 code [0x00000001103c6ce0, 0x00000001103c6dc8]
Event: 11.431 Thread 0x00007fdfb298f800 4615       4       java.beans.MethodRef::<init> (5 bytes)
Event: 11.431 Thread 0x00007fdfb298f800 nmethod 4615 0x0000000110ad8ed0 code [0x0000000110ad9020, 0x0000000110ad9078]
Event: 11.431 Thread 0x00007fdfb298f800 4664       4       sun.reflect.misc.ReflectUtil::isNonPublicProxyClass (51 bytes)
Event: 11.467 Thread 0x00007fdfb298f800 nmethod 4664 0x000000011067f2d0 code [0x000000011067f500, 0x0000000110680778]
Event: 11.468 Thread 0x00007fdfb298f800 4606       4       org.springframework.core.ResolvableType::resolveClass (73 bytes)
Event: 11.744 Thread 0x00007fdfb298f800 nmethod 4606 0x0000000110f9c310 code [0x0000000110f9caa0, 0x0000000110fa1328]
Event: 11.745 Thread 0x00007fdfb298f800 4815       4       java.util.TreeMap::successor (66 bytes)
Event: 11.746 Thread 0x00007fdfb298f800 nmethod 4815 0x0000000110f458d0 code [0x0000000110f45a20, 0x0000000110f45b18]
Event: 11.871 Thread 0x00007fdfb2990800 nmethod 4805 0x0000000110faa090 code [0x0000000110faac00, 0x0000000110fb7838]

GC Heap History (10 events):
Event: 6.679 GC heap before
{Heap before GC invocations=10 (full 1):
 PSYoungGen      total 87040K, used 64432K [0x0000000795580000, 0x000000079d380000, 0x00000007c0000000)
  eden space 76800K, 70% used [0x0000000795580000,0x0000000798a6df40,0x000000079a080000)
  from space 10240K, 99% used [0x000000079ac80000,0x000000079b67e318,0x000000079b680000)
  to   space 12288K, 0% used [0x000000079a080000,0x000000079a080000,0x000000079ac80000)
 ParOldGen       total 57856K, used 10861K [0x0000000740000000, 0x0000000743880000, 0x0000000795580000)
  object space 57856K, 18% used [0x0000000740000000,0x0000000740a9b620,0x0000000743880000)
 Metaspace       used 34080K, capacity 35210K, committed 35416K, reserved 1079296K
  class space    used 4406K, capacity 4727K, committed 4736K, reserved 1048576K
Event: 6.694 GC heap after
Heap after GC invocations=10 (full 1):
 PSYoungGen      total 89088K, used 11890K [0x0000000795580000, 0x000000079d980000, 0x00000007c0000000)
  eden space 76800K, 0% used [0x0000000795580000,0x0000000795580000,0x000000079a080000)
  from space 12288K, 96% used [0x000000079a080000,0x000000079ac1cba8,0x000000079ac80000)
  to   space 13824K, 0% used [0x000000079cc00000,0x000000079cc00000,0x000000079d980000)
 ParOldGen       total 57856K, used 11621K [0x0000000740000000, 0x0000000743880000, 0x0000000795580000)
  object space 57856K, 20% used [0x0000000740000000,0x0000000740b59640,0x0000000743880000)
 Metaspace       used 34080K, capacity 35210K, committed 35416K, reserved 1079296K
  class space    used 4406K, capacity 4727K, committed 4736K, reserved 1048576K
}
Event: 6.694 GC heap before
{Heap before GC invocations=11 (full 2):
 PSYoungGen      total 89088K, used 11890K [0x0000000795580000, 0x000000079d980000, 0x00000007c0000000)
  eden space 76800K, 0% used [0x0000000795580000,0x0000000795580000,0x000000079a080000)
  from space 12288K, 96% used [0x000000079a080000,0x000000079ac1cba8,0x000000079ac80000)
  to   space 13824K, 0% used [0x000000079cc00000,0x000000079cc00000,0x000000079d980000)
 ParOldGen       total 57856K, used 11621K [0x0000000740000000, 0x0000000743880000, 0x0000000795580000)
  object space 57856K, 20% used [0x0000000740000000,0x0000000740b59640,0x0000000743880000)
 Metaspace       used 34080K, capacity 35210K, committed 35416K, reserved 1079296K
  class space    used 4406K, capacity 4727K, committed 4736K, reserved 1048576K
Event: 6.763 GC heap after
Heap after GC invocations=11 (full 2):
 PSYoungGen      total 89088K, used 0K [0x0000000795580000, 0x000000079d980000, 0x00000007c0000000)
  eden space 76800K, 0% used [0x0000000795580000,0x0000000795580000,0x000000079a080000)
  from space 12288K, 0% used [0x000000079a080000,0x000000079a080000,0x000000079ac80000)
  to   space 13824K, 0% used [0x000000079cc00000,0x000000079cc00000,0x000000079d980000)
 ParOldGen       total 93696K, used 18137K [0x0000000740000000, 0x0000000745b80000, 0x0000000795580000)
  object space 93696K, 19% used [0x0000000740000000,0x00000007411b6660,0x0000000745b80000)
 Metaspace       used 34080K, capacity 35210K, committed 35416K, reserved 1079296K
  class space    used 4406K, capacity 4727K, committed 4736K, reserved 1048576K
}
Event: 7.647 GC heap before
{Heap before GC invocations=12 (full 2):
 PSYoungGen      total 89088K, used 76800K [0x0000000795580000, 0x000000079d980000, 0x00000007c0000000)
  eden space 76800K, 100% used [0x0000000795580000,0x000000079a080000,0x000000079a080000)
  from space 12288K, 0% used [0x000000079a080000,0x000000079a080000,0x000000079ac80000)
  to   space 13824K, 0% used [0x000000079cc00000,0x000000079cc00000,0x000000079d980000)
 ParOldGen       total 93696K, used 18137K [0x0000000740000000, 0x0000000745b80000, 0x0000000795580000)
  object space 93696K, 19% used [0x0000000740000000,0x00000007411b6660,0x0000000745b80000)
 Metaspace       used 36937K, capacity 38122K, committed 38488K, reserved 1083392K
  class space    used 4796K, capacity 5125K, committed 5248K, reserved 1048576K
Event: 7.659 GC heap after
Heap after GC invocations=12 (full 2):
 PSYoungGen      total 108032K, used 4336K [0x0000000795580000, 0x000000079d300000, 0x00000007c0000000)
  eden space 100864K, 0% used [0x0000000795580000,0x0000000795580000,0x000000079b800000)
  from space 7168K, 60% used [0x000000079cc00000,0x000000079d03c350,0x000000079d300000)
  to   space 13824K, 0% used [0x000000079b800000,0x000000079b800000,0x000000079c580000)
 ParOldGen       total 93696K, used 18137K [0x0000000740000000, 0x0000000745b80000, 0x0000000795580000)
  object space 93696K, 19% used [0x0000000740000000,0x00000007411b6660,0x0000000745b80000)
 Metaspace       used 36937K, capacity 38122K, committed 38488K, reserved 1083392K
  class space    used 4796K, capacity 5125K, committed 5248K, reserved 1048576K
}
Event: 8.952 GC heap before
{Heap before GC invocations=13 (full 2):
 PSYoungGen      total 108032K, used 105200K [0x0000000795580000, 0x000000079d300000, 0x00000007c0000000)
  eden space 100864K, 100% used [0x0000000795580000,0x000000079b800000,0x000000079b800000)
  from space 7168K, 60% used [0x000000079cc00000,0x000000079d03c350,0x000000079d300000)
  to   space 13824K, 0% used [0x000000079b800000,0x000000079b800000,0x000000079c580000)
 ParOldGen       total 93696K, used 18137K [0x0000000740000000, 0x0000000745b80000, 0x0000000795580000)
  object space 93696K, 19% used [0x0000000740000000,0x00000007411b6660,0x0000000745b80000)
 Metaspace       used 41543K, capacity 43218K, committed 43480K, reserved 1087488K
  class space    used 5634K, capacity 6039K, committed 6144K, reserved 1048576K
Event: 8.967 GC heap after
Heap after GC invocations=13 (full 2):
 PSYoungGen      total 114688K, used 8789K [0x0000000795580000, 0x000000079f000000, 0x00000007c0000000)
  eden space 100864K, 0% used [0x0000000795580000,0x0000000795580000,0x000000079b800000)
  from space 13824K, 63% used [0x000000079b800000,0x000000079c0957c8,0x000000079c580000)
  to   space 13824K, 0% used [0x000000079e280000,0x000000079e280000,0x000000079f000000)
 ParOldGen       total 93696K, used 18145K [0x0000000740000000, 0x0000000745b80000, 0x0000000795580000)
  object space 93696K, 19% used [0x0000000740000000,0x00000007411b8660,0x0000000745b80000)
 Metaspace       used 41543K, capacity 43218K, committed 43480K, reserved 1087488K
  class space    used 5634K, capacity 6039K, committed 6144K, reserved 1048576K
}
Event: 9.823 GC heap before
{Heap before GC invocations=14 (full 2):
 PSYoungGen      total 114688K, used 109653K [0x0000000795580000, 0x000000079f000000, 0x00000007c0000000)
  eden space 100864K, 100% used [0x0000000795580000,0x000000079b800000,0x000000079b800000)
  from space 13824K, 63% used [0x000000079b800000,0x000000079c0957c8,0x000000079c580000)
  to   space 13824K, 0% used [0x000000079e280000,0x000000079e280000,0x000000079f000000)
 ParOldGen       total 93696K, used 18145K [0x0000000740000000, 0x0000000745b80000, 0x0000000795580000)
  object space 93696K, 19% used [0x0000000740000000,0x00000007411b8660,0x0000000745b80000)
 Metaspace       used 43399K, capacity 45184K, committed 45528K, reserved 1089536K
  class space    used 5875K, capacity 6300K, committed 6400K, reserved 1048576K
Event: 9.848 GC heap after
Heap after GC invocations=14 (full 2):
 PSYoungGen      total 144896K, used 7543K [0x0000000795580000, 0x000000079f200000, 0x00000007c0000000)
  eden space 131072K, 0% used [0x0000000795580000,0x0000000795580000,0x000000079d580000)
  from space 13824K, 54% used [0x000000079e280000,0x000000079e9ddeb8,0x000000079f000000)
  to   space 13312K, 0% used [0x000000079d580000,0x000000079d580000,0x000000079e280000)
 ParOldGen       total 93696K, used 20449K [0x0000000740000000, 0x0000000745b80000, 0x0000000795580000)
  object space 93696K, 21% used [0x0000000740000000,0x00000007413f8660,0x0000000745b80000)
 Metaspace       used 43399K, capacity 45184K, committed 45528K, reserved 1089536K
  class space    used 5875K, capacity 6300K, committed 6400K, reserved 1048576K
}

Deoptimization events (10 events):
Event: 9.213 Thread 0x00007fdfb2005000 Uncommon trap: reason=class_check action=maybe_recompile pc=0x0000000110ac1818 method=java.lang.reflect.Array.newInstance(Ljava/lang/Class;I)Ljava/lang/Object; @ 2
Event: 9.213 Thread 0x00007fdfb2005000 Uncommon trap: reason=class_check action=maybe_recompile pc=0x0000000110ac1818 method=java.lang.reflect.Array.newInstance(Ljava/lang/Class;I)Ljava/lang/Object; @ 2
Event: 9.494 Thread 0x00007fdfb2005000 Uncommon trap: reason=unstable_if action=reinterpret pc=0x0000000110c08c20 method=org.springframework.beans.factory.support.AbstractBeanFactory.isTypeMatch(Ljava/lang/String;Lorg/springframework/core/ResolvableType;)Z @ 493
Event: 9.597 Thread 0x00007fdfb2005000 Uncommon trap: reason=unstable_if action=reinterpret pc=0x00000001107a8644 method=java.net.URL.<init>(Ljava/net/URL;Ljava/lang/String;Ljava/net/URLStreamHandler;)V @ 347
Event: 9.788 Thread 0x00007fdfb2005000 Uncommon trap: reason=unstable_if action=reinterpret pc=0x000000011013dd44 method=org.springframework.boot.context.properties.source.ConfigurationPropertyName.elementEquals(Ljava/lang/CharSequence;Ljava/lang/CharSequence;)Z @ 75
Event: 9.877 Thread 0x00007fdfb2005000 Uncommon trap: reason=unstable_if action=reinterpret pc=0x0000000110bd4258 method=java.util.IdentityHashMap.nextKeyIndex(II)I @ 4
Event: 10.102 Thread 0x00007fdfb2005000 Uncommon trap: reason=class_check action=maybe_recompile pc=0x0000000110e4a4d0 method=sun.reflect.generics.reflectiveObjects.WildcardTypeImpl.getLowerBounds()[Ljava/lang/reflect/Type; @ 37
Event: 10.470 Thread 0x00007fdfb2005000 Uncommon trap: reason=null_check action=make_not_entrant pc=0x0000000110cfdc34 method=java.lang.reflect.Array.newInstance(Ljava/lang/Class;I)Ljava/lang/Object; @ 2
Event: 10.809 Thread 0x00007fdfb2005000 Uncommon trap: reason=unstable_if action=reinterpret pc=0x0000000110bcf234 method=org.springframework.util.ConcurrentReferenceHashMap$Segment.clear()V @ 4
Event: 10.863 Thread 0x00007fdfb2005000 Uncommon trap: reason=unstable_if action=reinterpret pc=0x000000011007c160 method=java.util.LinkedHashMap.get(Ljava/lang/Object;)Ljava/lang/Object; @ 20

Classes redefined (5 events):
Event: 113.885 Thread 0x00007fdfb2807800 redefined class name=com.example.demo.C, count=1
Event: 162.547 Thread 0x00007fdfb2807800 redefined class name=com.example.demo.C, count=2
Event: 189.649 Thread 0x00007fdfb2807800 redefined class name=com.example.demo.C, count=3
Event: 238.813 Thread 0x00007fdfb2807800 redefined class name=com.example.demo.C, count=4
Event: 3635.093 Thread 0x00007fdfb2807800 redefined class name=com.example.demo.C, count=5

Internal exceptions (10 events):
Event: 10.739 Thread 0x00007fdfb2005000 Exception <a 'java/lang/ClassNotFoundException': org/springframework/beans/factory/SmartInitializingSingletonCustomizer> (0x000000079b3bb200) thrown at [/Users/java_re/workspace/8-2-build-macosx-x86_64/jdk8u191/11896/hotspot/src/share/vm/classfile/systemD
Event: 10.739 Thread 0x00007fdfb2005000 Exception <a 'java/lang/ClassNotFoundException': java/lang/ObjectCustomizer> (0x000000079b3cb798) thrown at [/Users/java_re/workspace/8-2-build-macosx-x86_64/jdk8u191/11896/hotspot/src/share/vm/classfile/systemDictionary.cpp, line 210]
Event: 10.740 Thread 0x00007fdfb2005000 Exception <a 'java/lang/ClassNotFoundException': org/springframework/boot/actuate/autoconfigure/web/server/ManagementContextAutoConfigurationCustomizer> (0x000000079b3fafb8) thrown at [/Users/java_re/workspace/8-2-build-macosx-x86_64/jdk8u191/11896/hotspo
Event: 10.740 Thread 0x00007fdfb2005000 Exception <a 'java/lang/ClassNotFoundException': org/springframework/boot/actuate/autoconfigure/web/server/ManagementContextAutoConfiguration$$EnhancerBySpringCGLIB$$71f28aaeCustomizer> (0x000000079b4339d0) thrown at [/Users/java_re/workspace/8-2-build-ma
Event: 10.741 Thread 0x00007fdfb2005000 Exception <a 'java/lang/ClassNotFoundException': org/springframework/context/annotation/ConfigurationClassEnhancer$EnhancedConfigurationCustomizer> (0x000000079b464010) thrown at [/Users/java_re/workspace/8-2-build-macosx-x86_64/jdk8u191/11896/hotspot/src
Event: 10.742 Thread 0x00007fdfb2005000 Exception <a 'java/lang/ClassNotFoundException': java/lang/ObjectCustomizer> (0x000000079b474790) thrown at [/Users/java_re/workspace/8-2-build-macosx-x86_64/jdk8u191/11896/hotspot/src/share/vm/classfile/systemDictionary.cpp, line 210]
Event: 10.743 Thread 0x00007fdfb2005000 Exception <a 'java/lang/ClassNotFoundException': org/springframework/boot/actuate/autoconfigure/web/server/ManagementServerPropertiesCustomizer> (0x000000079b4a13c0) thrown at [/Users/java_re/workspace/8-2-build-macosx-x86_64/jdk8u191/11896/hotspot/src/sh
Event: 10.744 Thread 0x00007fdfb2005000 Exception <a 'java/lang/ClassNotFoundException': org/springframework/boot/autoconfigure/security/SecurityPrerequisiteCustomizer> (0x000000079b4d2bb8) thrown at [/Users/java_re/workspace/8-2-build-macosx-x86_64/jdk8u191/11896/hotspot/src/share/vm/classfile
Event: 10.864 Thread 0x00007fdfb2005000 Exception <a 'java/lang/ClassNotFoundException': java/lang/ObjectCustomizer> (0x000000079bb4a380) thrown at [/Users/java_re/workspace/8-2-build-macosx-x86_64/jdk8u191/11896/hotspot/src/share/vm/classfile/systemDictionary.cpp, line 210]
Event: 10.865 Thread 0x00007fdfb2005000 Exception <a 'java/lang/ClassNotFoundException': com/example/demo/CCustomizer> (0x000000079bb60748) thrown at [/Users/java_re/workspace/8-2-build-macosx-x86_64/jdk8u191/11896/hotspot/src/share/vm/classfile/systemDictionary.cpp, line 210]

Events (10 events):
Event: 3635.193 Executing VM operation: GetOrSetLocal done
Event: 3952.671 Executing VM operation: ChangeBreakpoints
Event: 3952.673 Executing VM operation: ChangeBreakpoints done
Event: 3952.673 Executing VM operation: ChangeBreakpoints
Event: 3952.673 Executing VM operation: ChangeBreakpoints done
Event: 3952.674 Executing VM operation: ChangeBreakpoints
Event: 3952.674 Executing VM operation: ChangeBreakpoints done
Event: 3952.674 Executing VM operation: ChangeBreakpoints
Event: 3952.674 Executing VM operation: ChangeBreakpoints done
Event: 3952.701 Executing VM operation: GetOrSetLocal


Dynamic libraries:
0x00007fff4a8c4000 	/System/Library/Frameworks/Cocoa.framework/Versions/A/Cocoa
0x00007fff56e9b000 	/System/Library/Frameworks/Security.framework/Versions/A/Security
0x00007fff49508000 	/System/Library/Frameworks/ApplicationServices.framework/Versions/A/ApplicationServices
0x00007fff73204000 	/usr/lib/libz.1.dylib
0x00007fff7113f000 	/usr/lib/libSystem.B.dylib
0x00007fff727ee000 	/usr/lib/libobjc.A.dylib
0x00007fff4b079000 	/System/Library/Frameworks/CoreFoundation.framework/Versions/A/CoreFoundation
0x00007fff4d1cd000 	/System/Library/Frameworks/Foundation.framework/Versions/C/Foundation
0x00007fff48658000 	/System/Library/Frameworks/AppKit.framework/Versions/C/AppKit
0x00007fff4ac3c000 	/System/Library/Frameworks/CoreData.framework/Versions/A/CoreData
0x00007fff6aa93000 	/System/Library/PrivateFrameworks/RemoteViewServices.framework/Versions/A/RemoteViewServices
0x00007fff6f1e4000 	/System/Library/PrivateFrameworks/UIFoundation.framework/Versions/A/UIFoundation
0x00007fff5f8ed000 	/System/Library/PrivateFrameworks/DFRFoundation.framework/Versions/A/DFRFoundation
0x00007fff4f811000 	/System/Library/Frameworks/Metal.framework/Versions/A/Metal
0x00007fff5fa8a000 	/System/Library/PrivateFrameworks/DesktopServicesPriv.framework/Versions/A/DesktopServicesPriv
0x00007fff71d44000 	/usr/lib/libenergytrace.dylib
0x00007fff6d259000 	/System/Library/PrivateFrameworks/SkyLight.framework/Versions/A/SkyLight
0x00007fff4b51c000 	/System/Library/Frameworks/CoreGraphics.framework/Versions/A/CoreGraphics
0x00007fff7113a000 	/usr/lib/libScreenReader.dylib
0x00007fff475f3000 	/System/Library/Frameworks/Accelerate.framework/Versions/A/Accelerate
0x00007fff4d946000 	/System/Library/Frameworks/IOSurface.framework/Versions/A/IOSurface
0x00007fff49a52000 	/System/Library/Frameworks/AudioToolbox.framework/Versions/A/AudioToolbox
0x00007fff49ce1000 	/System/Library/Frameworks/AudioUnit.framework/Versions/A/AudioUnit
0x00007fff5f985000 	/System/Library/PrivateFrameworks/DataDetectorsCore.framework/Versions/A/DataDetectorsCore
0x00007fff4a3b7000 	/System/Library/Frameworks/Carbon.framework/Versions/A/Frameworks/HIToolbox.framework/Versions/A/HIToolbox
0x00007fff71e9e000 	/usr/lib/libicucore.A.dylib
0x00007fff5641c000 	/System/Library/Frameworks/QuartzCore.framework/Versions/A/QuartzCore
0x00007fff6c510000 	/System/Library/PrivateFrameworks/SignpostNotification.framework/Versions/A/SignpostNotification
0x00007fff4a79d000 	/System/Library/Frameworks/Carbon.framework/Versions/A/Frameworks/SpeechRecognition.framework/Versions/A/SpeechRecognition
0x00007fff7129b000 	/usr/lib/libauto.dylib
0x00007fff730f3000 	/usr/lib/libxml2.2.dylib
0x00007fff5f540000 	/System/Library/PrivateFrameworks/CoreUI.framework/Versions/A/CoreUI
0x00007fff4ab18000 	/System/Library/Frameworks/CoreAudio.framework/Versions/A/CoreAudio
0x00007fff4d007000 	/System/Library/Frameworks/DiskArbitration.framework/Versions/A/DiskArbitration
0x00007fff72112000 	/usr/lib/liblangid.dylib
0x00007fff66f9f000 	/System/Library/PrivateFrameworks/MultitouchSupport.framework/Versions/A/MultitouchSupport
0x00007fff4d8a9000 	/System/Library/Frameworks/IOKit.framework/Versions/A/IOKit
0x00007fff70dc9000 	/usr/lib/libDiagnosticMessagesClient.dylib
0x00007fff4c1e5000 	/System/Library/Frameworks/CoreServices.framework/Versions/A/CoreServices
0x00007fff68acd000 	/System/Library/PrivateFrameworks/PerformanceAnalysis.framework/Versions/A/PerformanceAnalysis
0x00007fff555be000 	/System/Library/Frameworks/OpenGL.framework/Versions/A/OpenGL
0x00007fff4a8d2000 	/System/Library/Frameworks/ColorSync.framework/Versions/A/ColorSync
0x00007fff4bb2e000 	/System/Library/Frameworks/CoreImage.framework/Versions/A/CoreImage
0x00007fff4cb75000 	/System/Library/Frameworks/CoreText.framework/Versions/A/CoreText
0x00007fff4d9a4000 	/System/Library/Frameworks/ImageIO.framework/Versions/A/ImageIO
0x00007fff5bc88000 	/System/Library/PrivateFrameworks/Backup.framework/Versions/A/Backup
0x00007fff711eb000 	/usr/lib/libarchive.2.dylib
0x00007fff4a003000 	/System/Library/Frameworks/CFNetwork.framework/Versions/A/CFNetwork
0x00007fff5762b000 	/System/Library/Frameworks/SystemConfiguration.framework/Versions/A/SystemConfiguration
0x00007fff70cf2000 	/usr/lib/libCRFSuite.dylib
0x00007fff71374000 	/usr/lib/libc++.1.dylib
0x00007fff713cb000 	/usr/lib/libc++abi.dylib
0x00007fff732b2000 	/usr/lib/system/libcache.dylib
0x00007fff732b7000 	/usr/lib/system/libcommonCrypto.dylib
0x00007fff732c2000 	/usr/lib/system/libcompiler_rt.dylib
0x00007fff732ca000 	/usr/lib/system/libcopyfile.dylib
0x00007fff732d4000 	/usr/lib/system/libcorecrypto.dylib
0x00007fff733e1000 	/usr/lib/system/libdispatch.dylib
0x00007fff7341b000 	/usr/lib/system/libdyld.dylib
0x00007fff73439000 	/usr/lib/system/libkeymgr.dylib
0x00007fff73447000 	/usr/lib/system/liblaunch.dylib
0x00007fff73448000 	/usr/lib/system/libmacho.dylib
0x00007fff7344d000 	/usr/lib/system/libquarantine.dylib
0x00007fff73450000 	/usr/lib/system/libremovefile.dylib
0x00007fff73452000 	/usr/lib/system/libsystem_asl.dylib
0x00007fff7346a000 	/usr/lib/system/libsystem_blocks.dylib
0x00007fff7346b000 	/usr/lib/system/libsystem_c.dylib
0x00007fff734f5000 	/usr/lib/system/libsystem_configuration.dylib
0x00007fff734f9000 	/usr/lib/system/libsystem_coreservices.dylib
0x00007fff734fd000 	/usr/lib/system/libsystem_darwin.dylib
0x00007fff734ff000 	/usr/lib/system/libsystem_dnssd.dylib
0x00007fff73506000 	/usr/lib/system/libsystem_info.dylib
0x00007fff73577000 	/usr/lib/system/libsystem_m.dylib
0x00007fff735c3000 	/usr/lib/system/libsystem_malloc.dylib
0x00007fff735e3000 	/usr/lib/system/libsystem_network.dylib
0x00007fff73714000 	/usr/lib/system/libsystem_networkextension.dylib
0x00007fff7371f000 	/usr/lib/system/libsystem_notify.dylib
0x00007fff7373d000 	/usr/lib/system/libsystem_sandbox.dylib
0x00007fff73741000 	/usr/lib/system/libsystem_secinit.dylib
0x00007fff73550000 	/usr/lib/system/libsystem_kernel.dylib
0x00007fff73729000 	/usr/lib/system/libsystem_platform.dylib
0x00007fff73731000 	/usr/lib/system/libsystem_pthread.dylib
0x00007fff73743000 	/usr/lib/system/libsystem_symptoms.dylib
0x00007fff7374b000 	/usr/lib/system/libsystem_trace.dylib
0x00007fff73760000 	/usr/lib/system/libunwind.dylib
0x00007fff73766000 	/usr/lib/system/libxpc.dylib
0x00007fff70c05000 	/usr/lib/closure/libclosured.dylib
0x00007fff71355000 	/usr/lib/libbsm.0.dylib
0x00007fff7343a000 	/usr/lib/system/libkxld.dylib
0x00007fff71003000 	/usr/lib/libOpenScriptingUtil.dylib
0x00007fff716c3000 	/usr/lib/libcoretls.dylib
0x00007fff716dc000 	/usr/lib/libcoretls_cfhelpers.dylib
0x00007fff72bef000 	/usr/lib/libpam.2.dylib
0x00007fff72d16000 	/usr/lib/libsqlite3.dylib
0x00007fff730e2000 	/usr/lib/libxar.1.dylib
0x00007fff71366000 	/usr/lib/libbz2.1.0.dylib
0x00007fff72114000 	/usr/lib/liblzma.5.dylib
0x00007fff725f5000 	/usr/lib/libnetwork.dylib
0x00007fff711d4000 	/usr/lib/libapple_nghttp2.dylib
0x00007fff72bf6000 	/usr/lib/libpcap.A.dylib
0x00007fff7129c000 	/usr/lib/libboringssl.dylib
0x00007fff7307d000 	/usr/lib/libusrtcp.dylib
0x00007fff711d3000 	/usr/lib/libapple_crypto.dylib
0x00007fff4c568000 	/System/Library/Frameworks/CoreServices.framework/Versions/A/Frameworks/FSEvents.framework/Versions/A/FSEvents
0x00007fff4c25b000 	/System/Library/Frameworks/CoreServices.framework/Versions/A/Frameworks/CarbonCore.framework/Versions/A/CarbonCore
0x00007fff4c72f000 	/System/Library/Frameworks/CoreServices.framework/Versions/A/Frameworks/Metadata.framework/Versions/A/Metadata
0x00007fff4c7e0000 	/System/Library/Frameworks/CoreServices.framework/Versions/A/Frameworks/OSServices.framework/Versions/A/OSServices
0x00007fff4c841000 	/System/Library/Frameworks/CoreServices.framework/Versions/A/Frameworks/SearchKit.framework/Versions/A/SearchKit
0x00007fff4c1e6000 	/System/Library/Frameworks/CoreServices.framework/Versions/A/Frameworks/AE.framework/Versions/A/AE
0x00007fff4c571000 	/System/Library/Frameworks/CoreServices.framework/Versions/A/Frameworks/LaunchServices.framework/Versions/A/LaunchServices
0x00007fff4c533000 	/System/Library/Frameworks/CoreServices.framework/Versions/A/Frameworks/DictionaryServices.framework/Versions/A/DictionaryServices
0x00007fff4c8b0000 	/System/Library/Frameworks/CoreServices.framework/Versions/A/Frameworks/SharedFileList.framework/Versions/A/SharedFileList
0x00007fff50a47000 	/System/Library/Frameworks/NetFS.framework/Versions/A/NetFS
0x00007fff67230000 	/System/Library/PrivateFrameworks/NetAuth.framework/Versions/A/NetAuth
0x00007fff70a9c000 	/System/Library/PrivateFrameworks/login.framework/Versions/A/Frameworks/loginsupport.framework/Versions/A/loginsupport
0x00007fff6ee65000 	/System/Library/PrivateFrameworks/TCC.framework/Versions/A/TCC
0x00007fff721f5000 	/usr/lib/libmecabra.dylib
0x00007fff49509000 	/System/Library/Frameworks/ApplicationServices.framework/Versions/A/Frameworks/ATS.framework/Versions/A/ATS
0x00007fff498b7000 	/System/Library/Frameworks/ApplicationServices.framework/Versions/A/Frameworks/ColorSyncLegacy.framework/Versions/A/ColorSyncLegacy
0x00007fff4995b000 	/System/Library/Frameworks/ApplicationServices.framework/Versions/A/Frameworks/HIServices.framework/Versions/A/HIServices
0x00007fff499ae000 	/System/Library/Frameworks/ApplicationServices.framework/Versions/A/Frameworks/LangAnalysis.framework/Versions/A/LangAnalysis
0x00007fff499bd000 	/System/Library/Frameworks/ApplicationServices.framework/Versions/A/Frameworks/PrintCore.framework/Versions/A/PrintCore
0x00007fff49a0a000 	/System/Library/Frameworks/ApplicationServices.framework/Versions/A/Frameworks/QD.framework/Versions/A/QD
0x00007fff49a45000 	/System/Library/Frameworks/ApplicationServices.framework/Versions/A/Frameworks/SpeechSynthesis.framework/Versions/A/SpeechSynthesis
0x00007fff4af93000 	/System/Library/Frameworks/CoreDisplay.framework/Versions/A/CoreDisplay
0x00007fff4760b000 	/System/Library/Frameworks/Accelerate.framework/Versions/A/Frameworks/vImage.framework/Versions/A/vImage
0x00007fff48365000 	/System/Library/Frameworks/Accelerate.framework/Versions/A/Frameworks/vecLib.framework/Versions/A/vecLib
0x00007fff48105000 	/System/Library/Frameworks/Accelerate.framework/Versions/A/Frameworks/vecLib.framework/Versions/A/libvDSP.dylib
0x00007fff47c65000 	/System/Library/Frameworks/Accelerate.framework/Versions/A/Frameworks/vecLib.framework/Versions/A/libBNNS.dylib
0x00007fff4806a000 	/System/Library/Frameworks/Accelerate.framework/Versions/A/Frameworks/vecLib.framework/Versions/A/libQuadrature.dylib
0x00007fff482b3000 	/System/Library/Frameworks/Accelerate.framework/Versions/A/Frameworks/vecLib.framework/Versions/A/libvMisc.dylib
0x00007fff47c94000 	/System/Library/Frameworks/Accelerate.framework/Versions/A/Frameworks/vecLib.framework/Versions/A/libLAPACK.dylib
0x00007fff47b0a000 	/System/Library/Frameworks/Accelerate.framework/Versions/A/Frameworks/vecLib.framework/Versions/A/libBLAS.dylib
0x00007fff48054000 	/System/Library/Frameworks/Accelerate.framework/Versions/A/Frameworks/vecLib.framework/Versions/A/libLinearAlgebra.dylib
0x00007fff48070000 	/System/Library/Frameworks/Accelerate.framework/Versions/A/Frameworks/vecLib.framework/Versions/A/libSparse.dylib
0x00007fff480f1000 	/System/Library/Frameworks/Accelerate.framework/Versions/A/Frameworks/vecLib.framework/Versions/A/libSparseBLAS.dylib
0x00007fff640c6000 	/System/Library/PrivateFrameworks/GPUWrangler.framework/Versions/A/GPUWrangler
0x00007fff65843000 	/System/Library/PrivateFrameworks/IOAccelerator.framework/Versions/A/IOAccelerator
0x00007fff6584e000 	/System/Library/PrivateFrameworks/IOPresentment.framework/Versions/A/IOPresentment
0x00007fff5f8ff000 	/System/Library/PrivateFrameworks/DSExternalDisplay.framework/Versions/A/DSExternalDisplay
0x00007fff54a3e000 	/System/Library/Frameworks/OpenGL.framework/Versions/A/Libraries/libCoreFSCache.dylib
0x00007fff4ccc6000 	/System/Library/Frameworks/CoreVideo.framework/Versions/A/CoreVideo
0x00007fff64e41000 	/System/Library/PrivateFrameworks/GraphVisualizer.framework/Versions/A/GraphVisualizer
0x00007fff4fa48000 	/System/Library/Frameworks/MetalPerformanceShaders.framework/Versions/A/MetalPerformanceShaders
0x00007fff70e01000 	/usr/lib/libFosl_dynamic.dylib
0x00007fff609d0000 	/System/Library/PrivateFrameworks/FaceCore.framework/Versions/A/FaceCore
0x00007fff53845000 	/System/Library/Frameworks/OpenCL.framework/Versions/A/OpenCL
0x00007fff71402000 	/usr/lib/libcompression.dylib
0x00007fff49608000 	/System/Library/Frameworks/ApplicationServices.framework/Versions/A/Frameworks/ATS.framework/Versions/A/Resources/libFontParser.dylib
0x00007fff4972b000 	/System/Library/Frameworks/ApplicationServices.framework/Versions/A/Frameworks/ATS.framework/Versions/A/Resources/libFontRegistry.dylib
0x00007fff4dc0b000 	/System/Library/Frameworks/ImageIO.framework/Versions/A/Resources/libJPEG.dylib
0x00007fff4df34000 	/System/Library/Frameworks/ImageIO.framework/Versions/A/Resources/libTIFF.dylib
0x00007fff4df0a000 	/System/Library/Frameworks/ImageIO.framework/Versions/A/Resources/libPng.dylib
0x00007fff4db1e000 	/System/Library/Frameworks/ImageIO.framework/Versions/A/Resources/libGIF.dylib
0x00007fff4db23000 	/System/Library/Frameworks/ImageIO.framework/Versions/A/Resources/libJP2.dylib
0x00007fff4df31000 	/System/Library/Frameworks/ImageIO.framework/Versions/A/Resources/libRadiance.dylib
0x00007fff5b3b5000 	/System/Library/PrivateFrameworks/AppleJPEG.framework/Versions/A/AppleJPEG
0x00007fff4f8af000 	/System/Library/Frameworks/MetalPerformanceShaders.framework/Frameworks/MPSCore.framework/Versions/A/MPSCore
0x00007fff4f8cb000 	/System/Library/Frameworks/MetalPerformanceShaders.framework/Frameworks/MPSImage.framework/Versions/A/MPSImage
0x00007fff4f960000 	/System/Library/Frameworks/MetalPerformanceShaders.framework/Frameworks/MPSNeuralNetwork.framework/Versions/A/MPSNeuralNetwork
0x00007fff4f93b000 	/System/Library/Frameworks/MetalPerformanceShaders.framework/Frameworks/MPSMatrix.framework/Versions/A/MPSMatrix
0x00007fff66d11000 	/System/Library/PrivateFrameworks/MetalTools.framework/Versions/A/MetalTools
0x00007fff54c08000 	/System/Library/Frameworks/OpenGL.framework/Versions/A/Libraries/libGLU.dylib
0x00007fff54a49000 	/System/Library/Frameworks/OpenGL.framework/Versions/A/Libraries/libGFXShared.dylib
0x00007fff54a53000 	/System/Library/Frameworks/OpenGL.framework/Versions/A/Libraries/libGL.dylib
0x00007fff54a5f000 	/System/Library/Frameworks/OpenGL.framework/Versions/A/Libraries/libGLImage.dylib
0x00007fff54a3b000 	/System/Library/Frameworks/OpenGL.framework/Versions/A/Libraries/libCVMSPluginSupport.dylib
0x00007fff54a44000 	/System/Library/Frameworks/OpenGL.framework/Versions/A/Libraries/libCoreVMClient.dylib
0x00007fff71bae000 	/usr/lib/libcups.2.dylib
0x00007fff4ee1e000 	/System/Library/Frameworks/Kerberos.framework/Versions/A/Kerberos
0x00007fff4d603000 	/System/Library/Frameworks/GSS.framework/Versions/A/GSS
0x00007fff72ca9000 	/usr/lib/libresolv.9.dylib
0x00007fff71dac000 	/usr/lib/libiconv.2.dylib
0x00007fff64ed3000 	/System/Library/PrivateFrameworks/Heimdal.framework/Versions/A/Heimdal
0x00007fff71d7b000 	/usr/lib/libheimdal-asn1.dylib
0x00007fff538b1000 	/System/Library/Frameworks/OpenDirectory.framework/Versions/A/OpenDirectory
0x00007fff5d6c5000 	/System/Library/PrivateFrameworks/CommonAuth.framework/Versions/A/CommonAuth
0x00007fff53894000 	/System/Library/Frameworks/OpenDirectory.framework/Versions/A/Frameworks/CFOpenDirectory.framework/Versions/A/CFOpenDirectory
0x00007fff571c4000 	/System/Library/Frameworks/SecurityFoundation.framework/Versions/A/SecurityFoundation
0x00007fff5a58c000 	/System/Library/PrivateFrameworks/APFS.framework/Versions/A/APFS
0x00007fff730de000 	/usr/lib/libutil.dylib
0x00007fff5b438000 	/System/Library/PrivateFrameworks/AppleSauce.framework/Versions/A/AppleSauce
0x00007fff6602b000 	/System/Library/PrivateFrameworks/LinguisticData.framework/Versions/A/LinguisticData
0x00007fff7212e000 	/usr/lib/libmarisa.dylib
0x00007fff65fe5000 	/System/Library/PrivateFrameworks/Lexicon.framework/Versions/A/Lexicon
0x00007fff70d2c000 	/usr/lib/libChineseTokenizer.dylib
0x00007fff713f1000 	/usr/lib/libcmph.dylib
0x00007fff65eef000 	/System/Library/PrivateFrameworks/LanguageModeling.framework/Versions/A/LanguageModeling
0x00007fff5e1d1000 	/System/Library/PrivateFrameworks/CoreEmoji.framework/Versions/A/CoreEmoji
0x00007fff57282000 	/System/Library/Frameworks/ServiceManagement.framework/Versions/A/ServiceManagement
0x00007fff5bc80000 	/System/Library/PrivateFrameworks/BackgroundTaskManagement.framework/Versions/A/BackgroundTaskManagement
0x00007fff731db000 	/usr/lib/libxslt.1.dylib
0x00007fff4a6c7000 	/System/Library/Frameworks/Carbon.framework/Versions/A/Frameworks/Ink.framework/Versions/A/Ink
0x00007fff6f07a000 	/System/Library/PrivateFrameworks/TextureIO.framework/Versions/A/TextureIO
0x00007fff71216000 	/usr/lib/libate.dylib
0x00007fff5f85f000 	/System/Library/PrivateFrameworks/CrashReporterSupport.framework/Versions/A/CrashReporterSupport
0x00007fff6c3d3000 	/System/Library/PrivateFrameworks/Sharing.framework/Versions/A/Sharing
0x00007fff65c31000 	/System/Library/PrivateFrameworks/IconServices.framework/Versions/A/IconServices
0x00007fff5b23a000 	/System/Library/PrivateFrameworks/Apple80211.framework/Versions/A/Apple80211
0x00007fff5f675000 	/System/Library/PrivateFrameworks/CoreUtils.framework/Versions/A/CoreUtils
0x00007fff4cd01000 	/System/Library/Frameworks/CoreWLAN.framework/Versions/A/CoreWLAN
0x00007fff4d745000 	/System/Library/Frameworks/IOBluetooth.framework/Versions/A/IOBluetooth
0x00007fff6a89b000 	/System/Library/PrivateFrameworks/ProtocolBuffer.framework/Versions/A/ProtocolBuffer
0x00007fff5f7fa000 	/System/Library/PrivateFrameworks/CoreWiFi.framework/Versions/A/CoreWiFi
0x00007fff4ac12000 	/System/Library/Frameworks/CoreBluetooth.framework/Versions/A/CoreBluetooth
0x00007fff5fa49000 	/System/Library/PrivateFrameworks/DebugSymbols.framework/Versions/A/DebugSymbols
0x00007fff5f42c000 	/System/Library/PrivateFrameworks/CoreSymbolication.framework/Versions/A/CoreSymbolication
0x00007fff6e86c000 	/System/Library/PrivateFrameworks/Symbolication.framework/Versions/A/Symbolication
0x00007fff5b264000 	/System/Library/PrivateFrameworks/AppleFSCompression.framework/Versions/A/AppleFSCompression
0x00007fff6dcbb000 	/System/Library/PrivateFrameworks/SpeechRecognitionCore.framework/Versions/A/SpeechRecognitionCore
0x00007fff435f7000 	/System/Library/CoreServices/Encodings/libSimplifiedChineseConverter.dylib
0x0000000103400000 	/Library/Java/JavaVirtualMachines/jdk1.8.0_191.jdk/Contents/Home/jre/lib/server/libjvm.dylib
0x00007fff72fab000 	/usr/lib/libstdc++.6.0.9.dylib
0x0000000102b1e000 	/Library/Java/JavaVirtualMachines/jdk1.8.0_191.jdk/Contents/Home/jre/lib/libverify.dylib
0x0000000102b2c000 	/Library/Java/JavaVirtualMachines/jdk1.8.0_191.jdk/Contents/Home/jre/lib/libjava.dylib
0x0000000102b63000 	/Library/Java/JavaVirtualMachines/jdk1.8.0_191.jdk/Contents/Home/jre/lib/libjdwp.dylib
0x0000000102bae000 	/Library/Java/JavaVirtualMachines/jdk1.8.0_191.jdk/Contents/Home/jre/lib/libnpt.dylib
0x0000000102bb2000 	/Library/Java/JavaVirtualMachines/jdk1.8.0_191.jdk/Contents/Home/jre/lib/libinstrument.dylib
0x0000000102bdf000 	/Library/Java/JavaVirtualMachines/jdk1.8.0_191.jdk/Contents/Home/jre/lib/libzip.dylib
0x0000000102bf0000 	/Library/Java/JavaVirtualMachines/jdk1.8.0_191.jdk/Contents/Home/jre/lib/libdt_socket.dylib
0x000000010cd8e000 	/Library/Java/JavaVirtualMachines/jdk1.8.0_191.jdk/Contents/Home/jre/lib/libmanagement.dylib
0x000000010cdf5000 	/Library/Java/JavaVirtualMachines/jdk1.8.0_191.jdk/Contents/Home/jre/lib/libnet.dylib
0x000000010d027000 	/Library/Java/JavaVirtualMachines/jdk1.8.0_191.jdk/Contents/Home/jre/lib/libnio.dylib

VM Arguments:
jvm_args: -agentlib:jdwp=transport=dt_socket,address=127.0.0.1:52642,suspend=y,server=n -ea -javaagent:/Users/chenjingang/Library/Caches/IntelliJIdea2018.1/captureAgent/debugger-agent.jar=file:/private/var/folders/07/lg232_sd6sl56885xq0276jh0000gn/T/capture.props -Dfile.encoding=UTF-8 
java_command: com.intellij.rt.execution.junit.JUnitStarter -ideVersion5 -junit4 com.example.demo.C,test1
java_class_path (initial): /Applications/IntelliJ IDEA.app/Contents/lib/idea_rt.jar:/Applications/IntelliJ IDEA.app/Contents/plugins/junit/lib/junit-rt.jar:/Applications/IntelliJ IDEA.app/Contents/plugins/junit/lib/junit5-rt.jar:/Library/Java/JavaVirtualMachines/jdk1.8.0_191.jdk/Contents/Home/jre/lib/charsets.jar:/Library/Java/JavaVirtualMachines/jdk1.8.0_191.jdk/Contents/Home/jre/lib/deploy.jar:/Library/Java/JavaVirtualMachines/jdk1.8.0_191.jdk/Contents/Home/jre/lib/ext/cldrdata.jar:/Library/Java/JavaVirtualMachines/jdk1.8.0_191.jdk/Contents/Home/jre/lib/ext/dnsns.jar:/Library/Java/JavaVirtualMachines/jdk1.8.0_191.jdk/Contents/Home/jre/lib/ext/jaccess.jar:/Library/Java/JavaVirtualMachines/jdk1.8.0_191.jdk/Contents/Home/jre/lib/ext/jfxrt.jar:/Library/Java/JavaVirtualMachines/jdk1.8.0_191.jdk/Contents/Home/jre/lib/ext/localedata.jar:/Library/Java/JavaVirtualMachines/jdk1.8.0_191.jdk/Contents/Home/jre/lib/ext/nashorn.jar:/Library/Java/JavaVirtualMachines/jdk1.8.0_191.jdk/Contents/Home/jre/lib/ext/sunec.jar:/Library/Java/JavaVirtualMachines/jdk1.8.0_191.jdk/Contents/Home/jre/lib/ext/sunjce_provider.jar:/Library/Java/JavaVirtualMachines/jdk1.8.0_191.jdk/Contents/Home/jre/lib/ext/sunpkcs11.jar:/Library/Java/JavaVirtualMachines/jdk1.8.0_191.jdk/Contents/Home/jre/lib/ext/zipfs.jar:/Library/Java/JavaVirtualMachines/jdk1.8.0_191.jdk/Contents/Home/jre/lib/javaws.jar:/Library/Java/JavaVirtualMachines/jdk1.8.0_191.jdk/Contents/Home/jre/lib/jce.jar:/Library/Java/JavaVirtualMachines/jdk1.8.0_191.jdk/Contents/Home/jre/lib/jfr.jar:/Library/Java/JavaVirtualMachines/jdk1.8.0_191.jdk/Contents/Home/jre/lib/jfxswt.jar:/Library/Java/JavaVirtualMachines/jdk1.8.0_191.jdk/Contents/Home/jre/lib/jsse.jar:/Library/Java/JavaVirtualMachines/jdk1.8.0_191.jdk/Contents/Home/jre/lib/management-agent.jar:/Library/Java/JavaVirtualMachines/jdk1.8.0_191.jdk/Contents/Home/jre/lib/plugin.jar:/Library/Java/JavaVirtualMachines/jdk1.8.0_191.jdk/Contents/Home/jre/lib/resources.jar:/Library/Java/JavaVirtualM
Launcher Type: SUN_STANDARD

Environment Variables:
PATH=/Users/chenjingang/work/maven/apache-maven-3.6.0/bin:/usr/local/heroku/bin:/usr/local/sbin:/usr/local/bin:/usr/bin:/Users/chenjingang/bin:/opt/local/sbin:/opt/local/bin:/usr/local/sbin:/usr/local/bin:/usr/bin:/Users/dorayo/bin:/usr/bin:/bin:/usr/sbin:/sbin:/usr/local/bin:/opt/local/bin:/usr/local/mysql/bin:/Applications/ejabberd-14.07/bin
SHELL=/bin/zsh

Signal Handlers:
SIGSEGV: [libjvm.dylib+0x5b5de9], sa_mask[0]=11111111011111110111111111111111, sa_flags=SA_ONSTACK|SA_RESTART|SA_SIGINFO
SIGBUS: [libjvm.dylib+0x5b5de9], sa_mask[0]=11111111011111110111111111111111, sa_flags=SA_RESTART|SA_SIGINFO
SIGFPE: [libjvm.dylib+0x48b6b0], sa_mask[0]=11111111011111110111111111111111, sa_flags=SA_RESTART|SA_SIGINFO
SIGPIPE: [libjvm.dylib+0x48b6b0], sa_mask[0]=11111111011111110111111111111111, sa_flags=SA_RESTART|SA_SIGINFO
SIGXFSZ: [libjvm.dylib+0x48b6b0], sa_mask[0]=11111111011111110111111111111111, sa_flags=SA_RESTART|SA_SIGINFO
SIGILL: [libjvm.dylib+0x48b6b0], sa_mask[0]=11111111011111110111111111111111, sa_flags=SA_RESTART|SA_SIGINFO
SIGUSR1: SIG_DFL, sa_mask[0]=00000000000000000000000000000000, sa_flags=none
SIGUSR2: [libjvm.dylib+0x48b1ce], sa_mask[0]=00100000000000000000000000000000, sa_flags=SA_RESTART|SA_SIGINFO
SIGHUP: [libjvm.dylib+0x489759], sa_mask[0]=11111111011111110111111111111111, sa_flags=SA_RESTART|SA_SIGINFO
SIGINT: [libjvm.dylib+0x489759], sa_mask[0]=11111111011111110111111111111111, sa_flags=SA_RESTART|SA_SIGINFO
SIGTERM: [libjvm.dylib+0x489759], sa_mask[0]=11111111011111110111111111111111, sa_flags=SA_RESTART|SA_SIGINFO
SIGQUIT: [libjvm.dylib+0x489759], sa_mask[0]=11111111011111110111111111111111, sa_flags=SA_RESTART|SA_SIGINFO


---------------  S Y S T E M  ---------------

OS:Bsduname:Darwin 17.5.0 Darwin Kernel Version 17.5.0: Mon Mar  5 22:24:32 PST 2018; root:xnu-4570.51.1~1/RELEASE_X86_64 x86_64
rlimit: STACK 8192k, CORE 0k, NPROC 709, NOFILE 10240, AS infinity
load average:5.27 5.66 6.33

CPU:total 4 (initial active 4) (2 cores per cpu, 2 threads per core) family 6 model 142 stepping 9, cmov, cx8, fxsr, mmx, sse, sse2, sse3, ssse3, sse4.1, sse4.2, popcnt, avx, avx2, aes, clmul, erms, rtm, 3dnowpref, lzcnt, ht, tsc, tscinvbit, bmi1, bmi2, adx

Memory: 4k page, physical 8388608k(203248k free)

/proc/meminfo:


vm_info: Java HotSpot(TM) 64-Bit Server VM (25.191-b12) for bsd-amd64 JRE (1.8.0_191-b12), built on Oct  6 2018 08:37:07 by "java_re" with gcc 4.2.1 (Based on Apple Inc. build 5658) (LLVM build 2336.11.00)

time: Thu Dec 13 19:48:34 2018
elapsed time: 3952 seconds (0d 1h 5m 52s)

