[restartedMain] [- ]  [32m2019-03-08 14:58:05,608[m INFO  [32m(AbstractApplicationContext.java:590)[m [36mprepareRefresh[m - Refreshing org.springframework.context.annotation.AnnotationConfigApplicationContext@64e24c78: startup date [Fri Mar 08 14:58:05 CST 2019]; root of context hierarchy
[restartedMain] [- ]  [32m2019-03-08 14:58:05,892[m INFO  [32m(AutowiredAnnotationBeanPostProcessor.java:154)[m [36m<init>[m - JSR-330 'javax.inject.Inject' annotation found and supported for autowiring
[restartedMain] [- ]  [32m2019-03-08 14:58:05,931[m INFO  [32m(PostProcessorRegistrationDelegate.java:328)[m [36mpostProcessAfterInitialization[m - Bean 'configurationPropertiesRebinderAutoConfiguration' of type [org.springframework.cloud.autoconfigure.ConfigurationPropertiesRebinderAutoConfiguration$$EnhancerBySpringCGLIB$$79ce6ead] is not eligible for getting processed by all BeanPostProcessors (for example: not eligible for auto-proxying)
[restartedMain] [- ]  [32m2019-03-08 14:58:06,202[m INFO  [32m(SpringApplication.java:659)[m [36mlogStartupProfileInfo[m - No active profile set, falling back to default profiles: default
[restartedMain] [- ]  [32m2019-03-08 14:58:06,204[m INFO  [32m(AbstractApplicationContext.java:590)[m [36mprepareRefresh[m - Refreshing org.springframework.boot.web.servlet.context.AnnotationConfigServletWebServerApplicationContext@1054f6fd: startup date [Fri Mar 08 14:58:06 CST 2019]; parent: org.springframework.context.annotation.AnnotationConfigApplicationContext@64e24c78
[restartedMain] [- ]  [32m2019-03-08 14:58:06,210[m INFO  [32m(AutowiredAnnotationBeanPostProcessor.java:154)[m [36m<init>[m - JSR-330 'javax.inject.Inject' annotation found and supported for autowiring
[restartedMain] [- ]  [33m2019-03-08 14:58:06,213[m WARN  [32m(AbstractApplicationContext.java:558)[m [36mrefresh[m - Exception encountered during context initialization - cancelling refresh attempt: org.springframework.context.ApplicationContextException: Unable to start web server; nested exception is org.springframework.context.ApplicationContextException: Unable to start ServletWebServerApplicationContext due to missing ServletWebServerFactory bean.
[restartedMain] [- ]  [1;31m2019-03-08 14:58:06,227[m ERROR [32m(SpringApplication.java:842)[m [36mreportFailure[m - Application run failed
org.springframework.context.ApplicationContextException: Unable to start web server; nested exception is org.springframework.context.ApplicationContextException: Unable to start ServletWebServerApplicationContext due to missing ServletWebServerFactory bean.
	at org.springframework.boot.web.servlet.context.ServletWebServerApplicationContext.onRefresh(ServletWebServerApplicationContext.java:155) ~[spring-boot-2.0.3.RELEASE.jar:2.0.3.RELEASE]
	at org.springframework.context.support.AbstractApplicationContext.refresh(AbstractApplicationContext.java:544) ~[spring-context-5.0.7.RELEASE.jar:5.0.7.RELEASE]
	at org.springframework.boot.web.servlet.context.ServletWebServerApplicationContext.refresh(ServletWebServerApplicationContext.java:140) ~[spring-boot-2.0.3.RELEASE.jar:2.0.3.RELEASE]
	at org.springframework.boot.SpringApplication.refresh(SpringApplication.java:759) [spring-boot-2.0.3.RELEASE.jar:2.0.3.RELEASE]
	at org.springframework.boot.SpringApplication.refreshContext(SpringApplication.java:395) [spring-boot-2.0.3.RELEASE.jar:2.0.3.RELEASE]
	at org.springframework.boot.SpringApplication.run(SpringApplication.java:327) [spring-boot-2.0.3.RELEASE.jar:2.0.3.RELEASE]
	at org.springframework.boot.SpringApplication.run(SpringApplication.java:1255) [spring-boot-2.0.3.RELEASE.jar:2.0.3.RELEASE]
	at org.springframework.boot.SpringApplication.run(SpringApplication.java:1243) [spring-boot-2.0.3.RELEASE.jar:2.0.3.RELEASE]
	at com.example.demo1.TestApplication.main(TestApplication.java:32) [test-classes/:?]
	at sun.reflect.NativeMethodAccessorImpl.invoke0(Native Method) ~[?:1.8.0_191]
	at sun.reflect.NativeMethodAccessorImpl.invoke(NativeMethodAccessorImpl.java:62) ~[?:1.8.0_191]
	at sun.reflect.DelegatingMethodAccessorImpl.invoke(DelegatingMethodAccessorImpl.java:43) ~[?:1.8.0_191]
	at java.lang.reflect.Method.invoke(Method.java:498) ~[?:1.8.0_191]
	at org.springframework.boot.devtools.restart.RestartLauncher.run(RestartLauncher.java:49) [spring-boot-devtools-2.0.3.RELEASE.jar:2.0.3.RELEASE]
Caused by: org.springframework.context.ApplicationContextException: Unable to start ServletWebServerApplicationContext due to missing ServletWebServerFactory bean.
	at org.springframework.boot.web.servlet.context.ServletWebServerApplicationContext.getWebServerFactory(ServletWebServerApplicationContext.java:204) ~[spring-boot-2.0.3.RELEASE.jar:2.0.3.RELEASE]
	at org.springframework.boot.web.servlet.context.ServletWebServerApplicationContext.createWebServer(ServletWebServerApplicationContext.java:178) ~[spring-boot-2.0.3.RELEASE.jar:2.0.3.RELEASE]
	at org.springframework.boot.web.servlet.context.ServletWebServerApplicationContext.onRefresh(ServletWebServerApplicationContext.java:152) ~[spring-boot-2.0.3.RELEASE.jar:2.0.3.RELEASE]
	... 13 more
[restartedMain] [- ]  [32m2019-03-08 14:59:13,208[m INFO  [32m(AbstractApplicationContext.java:590)[m [36mprepareRefresh[m - Refreshing org.springframework.context.annotation.AnnotationConfigApplicationContext@35aebf85: startup date [Fri Mar 08 14:59:13 CST 2019]; root of context hierarchy
[restartedMain] [- ]  [32m2019-03-08 14:59:13,454[m INFO  [32m(AutowiredAnnotationBeanPostProcessor.java:154)[m [36m<init>[m - JSR-330 'javax.inject.Inject' annotation found and supported for autowiring
[restartedMain] [- ]  [32m2019-03-08 14:59:13,483[m INFO  [32m(PostProcessorRegistrationDelegate.java:328)[m [36mpostProcessAfterInitialization[m - Bean 'configurationPropertiesRebinderAutoConfiguration' of type [org.springframework.cloud.autoconfigure.ConfigurationPropertiesRebinderAutoConfiguration$$EnhancerBySpringCGLIB$$b7b697d0] is not eligible for getting processed by all BeanPostProcessors (for example: not eligible for auto-proxying)
[restartedMain] [- ]  [32m2019-03-08 14:59:13,850[m INFO  [32m(SpringApplication.java:659)[m [36mlogStartupProfileInfo[m - No active profile set, falling back to default profiles: default
[restartedMain] [- ]  [32m2019-03-08 14:59:13,852[m INFO  [32m(AbstractApplicationContext.java:590)[m [36mprepareRefresh[m - Refreshing org.springframework.boot.web.servlet.context.AnnotationConfigServletWebServerApplicationContext@583d98b3: startup date [Fri Mar 08 14:59:13 CST 2019]; parent: org.springframework.context.annotation.AnnotationConfigApplicationContext@35aebf85
[restartedMain] [- ]  [32m2019-03-08 14:59:13,856[m INFO  [32m(AutowiredAnnotationBeanPostProcessor.java:154)[m [36m<init>[m - JSR-330 'javax.inject.Inject' annotation found and supported for autowiring
[restartedMain] [- ]  [33m2019-03-08 14:59:13,859[m WARN  [32m(AbstractApplicationContext.java:558)[m [36mrefresh[m - Exception encountered during context initialization - cancelling refresh attempt: org.springframework.context.ApplicationContextException: Unable to start web server; nested exception is org.springframework.context.ApplicationContextException: Unable to start ServletWebServerApplicationContext due to missing ServletWebServerFactory bean.
[restartedMain] [- ]  [1;31m2019-03-08 14:59:13,876[m ERROR [32m(SpringApplication.java:842)[m [36mreportFailure[m - Application run failed
org.springframework.context.ApplicationContextException: Unable to start web server; nested exception is org.springframework.context.ApplicationContextException: Unable to start ServletWebServerApplicationContext due to missing ServletWebServerFactory bean.
	at org.springframework.boot.web.servlet.context.ServletWebServerApplicationContext.onRefresh(ServletWebServerApplicationContext.java:155) ~[spring-boot-2.0.3.RELEASE.jar:2.0.3.RELEASE]
	at org.springframework.context.support.AbstractApplicationContext.refresh(AbstractApplicationContext.java:544) ~[spring-context-5.0.7.RELEASE.jar:5.0.7.RELEASE]
	at org.springframework.boot.web.servlet.context.ServletWebServerApplicationContext.refresh(ServletWebServerApplicationContext.java:140) ~[spring-boot-2.0.3.RELEASE.jar:2.0.3.RELEASE]
	at org.springframework.boot.SpringApplication.refresh(SpringApplication.java:759) [spring-boot-2.0.3.RELEASE.jar:2.0.3.RELEASE]
	at org.springframework.boot.SpringApplication.refreshContext(SpringApplication.java:395) [spring-boot-2.0.3.RELEASE.jar:2.0.3.RELEASE]
	at org.springframework.boot.SpringApplication.run(SpringApplication.java:327) [spring-boot-2.0.3.RELEASE.jar:2.0.3.RELEASE]
	at org.springframework.boot.SpringApplication.run(SpringApplication.java:1255) [spring-boot-2.0.3.RELEASE.jar:2.0.3.RELEASE]
	at org.springframework.boot.SpringApplication.run(SpringApplication.java:1243) [spring-boot-2.0.3.RELEASE.jar:2.0.3.RELEASE]
	at com.example.demo1.TestApplication.main(TestApplication.java:32) [test-classes/:?]
	at sun.reflect.NativeMethodAccessorImpl.invoke0(Native Method) ~[?:1.8.0_191]
	at sun.reflect.NativeMethodAccessorImpl.invoke(NativeMethodAccessorImpl.java:62) ~[?:1.8.0_191]
	at sun.reflect.DelegatingMethodAccessorImpl.invoke(DelegatingMethodAccessorImpl.java:43) ~[?:1.8.0_191]
	at java.lang.reflect.Method.invoke(Method.java:498) ~[?:1.8.0_191]
	at org.springframework.boot.devtools.restart.RestartLauncher.run(RestartLauncher.java:49) [spring-boot-devtools-2.0.3.RELEASE.jar:2.0.3.RELEASE]
Caused by: org.springframework.context.ApplicationContextException: Unable to start ServletWebServerApplicationContext due to missing ServletWebServerFactory bean.
	at org.springframework.boot.web.servlet.context.ServletWebServerApplicationContext.getWebServerFactory(ServletWebServerApplicationContext.java:204) ~[spring-boot-2.0.3.RELEASE.jar:2.0.3.RELEASE]
	at org.springframework.boot.web.servlet.context.ServletWebServerApplicationContext.createWebServer(ServletWebServerApplicationContext.java:178) ~[spring-boot-2.0.3.RELEASE.jar:2.0.3.RELEASE]
	at org.springframework.boot.web.servlet.context.ServletWebServerApplicationContext.onRefresh(ServletWebServerApplicationContext.java:152) ~[spring-boot-2.0.3.RELEASE.jar:2.0.3.RELEASE]
	... 13 more
[restartedMain] [- ]  [32m2019-03-08 15:00:00,783[m INFO  [32m(AbstractApplicationContext.java:590)[m [36mprepareRefresh[m - Refreshing org.springframework.context.annotation.AnnotationConfigApplicationContext@71b56ce2: startup date [Fri Mar 08 15:00:00 CST 2019]; root of context hierarchy
[restartedMain] [- ]  [32m2019-03-08 15:00:00,985[m INFO  [32m(AutowiredAnnotationBeanPostProcessor.java:154)[m [36m<init>[m - JSR-330 'javax.inject.Inject' annotation found and supported for autowiring
[restartedMain] [- ]  [32m2019-03-08 15:00:01,018[m INFO  [32m(PostProcessorRegistrationDelegate.java:328)[m [36mpostProcessAfterInitialization[m - Bean 'configurationPropertiesRebinderAutoConfiguration' of type [org.springframework.cloud.autoconfigure.ConfigurationPropertiesRebinderAutoConfiguration$$EnhancerBySpringCGLIB$$e51bb40c] is not eligible for getting processed by all BeanPostProcessors (for example: not eligible for auto-proxying)
[restartedMain] [- ]  [32m2019-03-08 15:00:01,264[m INFO  [32m(SpringApplication.java:659)[m [36mlogStartupProfileInfo[m - No active profile set, falling back to default profiles: default
[restartedMain] [- ]  [32m2019-03-08 15:00:01,266[m INFO  [32m(AbstractApplicationContext.java:590)[m [36mprepareRefresh[m - Refreshing org.springframework.boot.web.servlet.context.AnnotationConfigServletWebServerApplicationContext@7672de9a: startup date [Fri Mar 08 15:00:01 CST 2019]; parent: org.springframework.context.annotation.AnnotationConfigApplicationContext@71b56ce2
[restartedMain] [- ]  [32m2019-03-08 15:00:01,271[m INFO  [32m(AutowiredAnnotationBeanPostProcessor.java:154)[m [36m<init>[m - JSR-330 'javax.inject.Inject' annotation found and supported for autowiring
[restartedMain] [- ]  [33m2019-03-08 15:00:01,274[m WARN  [32m(AbstractApplicationContext.java:558)[m [36mrefresh[m - Exception encountered during context initialization - cancelling refresh attempt: org.springframework.context.ApplicationContextException: Unable to start web server; nested exception is org.springframework.context.ApplicationContextException: Unable to start ServletWebServerApplicationContext due to missing ServletWebServerFactory bean.
[restartedMain] [- ]  [1;31m2019-03-08 15:00:01,288[m ERROR [32m(SpringApplication.java:842)[m [36mreportFailure[m - Application run failed
org.springframework.context.ApplicationContextException: Unable to start web server; nested exception is org.springframework.context.ApplicationContextException: Unable to start ServletWebServerApplicationContext due to missing ServletWebServerFactory bean.
	at org.springframework.boot.web.servlet.context.ServletWebServerApplicationContext.onRefresh(ServletWebServerApplicationContext.java:155) ~[spring-boot-2.0.3.RELEASE.jar:2.0.3.RELEASE]
	at org.springframework.context.support.AbstractApplicationContext.refresh(AbstractApplicationContext.java:544) ~[spring-context-5.0.7.RELEASE.jar:5.0.7.RELEASE]
	at org.springframework.boot.web.servlet.context.ServletWebServerApplicationContext.refresh(ServletWebServerApplicationContext.java:140) ~[spring-boot-2.0.3.RELEASE.jar:2.0.3.RELEASE]
	at org.springframework.boot.SpringApplication.refresh(SpringApplication.java:759) [spring-boot-2.0.3.RELEASE.jar:2.0.3.RELEASE]
	at org.springframework.boot.SpringApplication.refreshContext(SpringApplication.java:395) [spring-boot-2.0.3.RELEASE.jar:2.0.3.RELEASE]
	at org.springframework.boot.SpringApplication.run(SpringApplication.java:327) [spring-boot-2.0.3.RELEASE.jar:2.0.3.RELEASE]
	at org.springframework.boot.SpringApplication.run(SpringApplication.java:1255) [spring-boot-2.0.3.RELEASE.jar:2.0.3.RELEASE]
	at org.springframework.boot.SpringApplication.run(SpringApplication.java:1243) [spring-boot-2.0.3.RELEASE.jar:2.0.3.RELEASE]
	at com.example.demo1.TestApplication.main(TestApplication.java:32) [test-classes/:?]
	at sun.reflect.NativeMethodAccessorImpl.invoke0(Native Method) ~[?:1.8.0_191]
	at sun.reflect.NativeMethodAccessorImpl.invoke(NativeMethodAccessorImpl.java:62) ~[?:1.8.0_191]
	at sun.reflect.DelegatingMethodAccessorImpl.invoke(DelegatingMethodAccessorImpl.java:43) ~[?:1.8.0_191]
	at java.lang.reflect.Method.invoke(Method.java:498) ~[?:1.8.0_191]
	at org.springframework.boot.devtools.restart.RestartLauncher.run(RestartLauncher.java:49) [spring-boot-devtools-2.0.3.RELEASE.jar:2.0.3.RELEASE]
Caused by: org.springframework.context.ApplicationContextException: Unable to start ServletWebServerApplicationContext due to missing ServletWebServerFactory bean.
	at org.springframework.boot.web.servlet.context.ServletWebServerApplicationContext.getWebServerFactory(ServletWebServerApplicationContext.java:204) ~[spring-boot-2.0.3.RELEASE.jar:2.0.3.RELEASE]
	at org.springframework.boot.web.servlet.context.ServletWebServerApplicationContext.createWebServer(ServletWebServerApplicationContext.java:178) ~[spring-boot-2.0.3.RELEASE.jar:2.0.3.RELEASE]
	at org.springframework.boot.web.servlet.context.ServletWebServerApplicationContext.onRefresh(ServletWebServerApplicationContext.java:152) ~[spring-boot-2.0.3.RELEASE.jar:2.0.3.RELEASE]
	... 13 more
[main] [- ]  [32m2019-03-08 15:53:18,943[m INFO  [32m(AbstractApplicationContext.java:590)[m [36mprepareRefresh[m - Refreshing org.springframework.context.annotation.AnnotationConfigApplicationContext@2e03bb74: startup date [Fri Mar 08 15:53:18 CST 2019]; root of context hierarchy
[main] [- ]  [32m2019-03-08 15:53:20,084[m INFO  [32m(AutowiredAnnotationBeanPostProcessor.java:154)[m [36m<init>[m - JSR-330 'javax.inject.Inject' annotation found and supported for autowiring
[main] [- ]  [32m2019-03-08 15:53:20,197[m INFO  [32m(PostProcessorRegistrationDelegate.java:328)[m [36mpostProcessAfterInitialization[m - Bean 'configurationPropertiesRebinderAutoConfiguration' of type [org.springframework.cloud.autoconfigure.ConfigurationPropertiesRebinderAutoConfiguration$$EnhancerBySpringCGLIB$$22ba14ab] is not eligible for getting processed by all BeanPostProcessors (for example: not eligible for auto-proxying)
[main] [- ]  [32m2019-03-08 15:54:01,925[m INFO  [32m(AbstractApplicationContext.java:590)[m [36mprepareRefresh[m - Refreshing org.springframework.context.annotation.AnnotationConfigApplicationContext@6e664075: startup date [Fri Mar 08 15:54:01 CST 2019]; root of context hierarchy
[main] [- ]  [32m2019-03-08 15:54:02,391[m INFO  [32m(AutowiredAnnotationBeanPostProcessor.java:154)[m [36m<init>[m - JSR-330 'javax.inject.Inject' annotation found and supported for autowiring
[main] [- ]  [32m2019-03-08 15:54:02,428[m INFO  [32m(PostProcessorRegistrationDelegate.java:328)[m [36mpostProcessAfterInitialization[m - Bean 'configurationPropertiesRebinderAutoConfiguration' of type [org.springframework.cloud.autoconfigure.ConfigurationPropertiesRebinderAutoConfiguration$$EnhancerBySpringCGLIB$$6af080df] is not eligible for getting processed by all BeanPostProcessors (for example: not eligible for auto-proxying)
